\BOOKMARK [0][-]{chapter.1}{Einleitung}{}
\BOOKMARK [0][-]{chapter.2}{Grundlagen der winkelaufgel\366sten Photo Elektron Spektroskopie}{}
\BOOKMARK [1][-]{section.2.1}{Me\337prinzip}{chapter.2}
\BOOKMARK [1][-]{section.2.2}{Prozess der Photoemission und Untersuchung der Bandstruktur}{chapter.2}
\BOOKMARK [1][-]{section.2.3}{Oberfl\344chenzust\344nde und Bulkbandstruktur}{chapter.2}
\BOOKMARK [1][-]{section.2.4}{Unterschiedliche Modi der Photo Emissions Spektroskopie \(EDC, XDC\)}{chapter.2}
\BOOKMARK [0][-]{chapter.3}{Grundlegendes \374ber II-VI Halbleiter}{}
\BOOKMARK [1][-]{section.3.1}{Kristallstruktur, Volumen-Brilloinzone}{chapter.3}
\BOOKMARK [1][-]{section.3.2}{Oberfl\344chenzust\344nde}{chapter.3}
\BOOKMARK [0][-]{chapter.4}{Elektronische Eigenschaften von CdTe, HgTe und Cd1-XHgXTe}{}
\BOOKMARK [1][-]{section.4.1}{Halbleiter mit schmaler Bandl\374cke}{chapter.4}
\BOOKMARK [1][-]{section.4.2}{Theoretische Bandstruktur}{chapter.4}
\BOOKMARK [0][-]{chapter.5}{Experimenteller Aufbau}{}
\BOOKMARK [1][-]{section.5.1}{Zusammenbau}{chapter.5}
\BOOKMARK [1][-]{section.5.2}{Vorbereitung der Proben}{chapter.5}
\BOOKMARK [1][-]{section.5.3}{Charakterisierung}{chapter.5}
\BOOKMARK [2][-]{subsection.5.3.1}{Overfl\344chenuntersuchung mit LEED}{section.5.3}
\BOOKMARK [2][-]{subsection.5.3.2}{XPS und EDX Ergebnisse}{section.5.3}
\BOOKMARK [2][-]{subsection.5.3.3}{Kristalluntersuchung mittels Laue-Verfahren}{section.5.3}
\BOOKMARK [0][-]{chapter.6}{Photoemission an Narrow-Gap-Halbleitern}{}
\BOOKMARK [0][-]{chapter.7}{Die elektronische Struktur von CdHgTe}{}
\BOOKMARK [1][-]{section.7.1}{Allgemeine Ergebnisse}{chapter.7}
\BOOKMARK [1][-]{section.7.2}{Wiggle in Band Structure Calculations}{chapter.7}
\BOOKMARK [1][-]{section.7.3}{GW-N\344herungsrechungen}{chapter.7}
\BOOKMARK [0][-]{chapter.8}{Zusammenfassung und Ausblick}{}
\BOOKMARK [1][-]{section.8.1}{Zusammenfassung}{chapter.8}
\BOOKMARK [1][-]{section.8.2}{Ausblick}{chapter.8}
\BOOKMARK [0][-]{chapter.9}{Anhang}{}
\BOOKMARK [1][-]{section.9.1}{ab initio Berechnungen in einem Supercluster}{chapter.9}
\BOOKMARK [1][-]{section.9.2}{Datankonvertierung f\374r Analyseprogramme in C++ und Java}{chapter.9}
\BOOKMARK [1][-]{section.9.3}{Ver\366ffentlichungen}{chapter.9}
